<?xml version="1.0" encoding="UTF-8"?>
<testng-results skipped="0" failed="0" ignored="0" total="1" passed="1">
  <reporter-output>
  </reporter-output>
  <suite name="Run Test Cukes" duration-ms="187327" started-at="2019-05-22T05:25:38Z" finished-at="2019-05-22T05:28:45Z">
    <groups>
      <group name="cucumber">
        <method signature="AbstractTestNGCucumberTests.feature(cucumber.api.testng.CucumberFeatureWrapper)[pri:0, instance:com.wideroe.TestNGrunners.RunCucumberTests_Smoke@39133244]" name="Smoke Tests using chrome - feature - " class="cucumber.api.testng.AbstractTestNGCucumberTests"/>
      </group> <!-- cucumber -->
    </groups>
    <test name="Smoke Tests using chrome" duration-ms="187327" started-at="2019-05-22T05:25:38Z" finished-at="2019-05-22T05:28:45Z">
      <class name="com.wideroe.TestNGrunners.RunCucumberTests_Smoke">
        <test-method status="PASS" signature="setUpClass()[pri:0, instance:com.wideroe.TestNGrunners.RunCucumberTests_Smoke@39133244]" name="setUpClass" is-config="true" duration-ms="891" started-at="2019-05-22T05:25:38Z" finished-at="2019-05-22T05:25:38Z">
          <reporter-output>
          </reporter-output>
        </test-method> <!-- setUpClass -->
        <test-method status="PASS" signature="feature(cucumber.api.testng.CucumberFeatureWrapper)[pri:0, instance:com.wideroe.TestNGrunners.RunCucumberTests_Smoke@39133244]" name="Smoke Tests using chrome - feature - " duration-ms="184752" started-at="2019-05-22T05:25:39Z" description="Runs Cucumber Feature" data-provider="features" finished-at="2019-05-22T05:28:44Z">
          <params>
            <param index="0">
              <value>
                <![CDATA[Check-IN Flow. As a guest user I want complete check in successfully and generate boarding pass]]>
              </value>
            </param>
          </params>
          <reporter-output>
          </reporter-output>
        </test-method> <!-- Smoke Tests using chrome - feature -  -->
        <test-method status="PASS" signature="tearDownClass()[pri:0, instance:com.wideroe.TestNGrunners.RunCucumberTests_Smoke@39133244]" name="tearDownClass" is-config="true" duration-ms="629" started-at="2019-05-22T05:28:44Z" finished-at="2019-05-22T05:28:44Z">
          <reporter-output>
          </reporter-output>
        </test-method> <!-- tearDownClass -->
        <test-method status="PASS" signature="test()[pri:0, instance:com.wideroe.TestNGrunners.RunCucumberTests_Smoke@39133244]" name="test" is-config="true" duration-ms="491" started-at="2019-05-22T05:28:44Z" finished-at="2019-05-22T05:28:45Z">
          <reporter-output>
          </reporter-output>
        </test-method> <!-- test -->
        <test-method status="PASS" signature="copyStoredReports()[pri:0, instance:com.wideroe.TestNGrunners.RunCucumberTests_Smoke@39133244]" name="copyStoredReports" is-config="true" duration-ms="0" started-at="2019-05-22T05:28:45Z" finished-at="2019-05-22T05:28:45Z">
          <reporter-output>
          </reporter-output>
        </test-method> <!-- copyStoredReports -->
      </class> <!-- com.wideroe.TestNGrunners.RunCucumberTests_Smoke -->
    </test> <!-- Smoke Tests using chrome -->
  </suite> <!-- Run Test Cukes -->
</testng-results>
