<?xml version="1.0" encoding="UTF-8"?><testsuite failures="0" name="cucumber.runtime.formatter.JUnitFormatter" skipped="0" tests="1" time="86.961779">
<testcase classname="My trip login page. As a guest user I want to login to My Trip and see the details" name="To successfully login to My Trip as a registered user" time="86.961779">
<system-out><![CDATA[Given As a user, I am on the My Trip login page.............................passed
When I enter user name "wideroe.test.smart16@gmail.com" and password "Wideroe@123".passed
And Click on login button...................................................passed
Then I should redirect to Trip Details Page.................................passed
Then I should close the browser.............................................passed
]]></system-out>
</testcase>
</testsuite>
